23/10/18 15:25 Started
23/10/18 15:26 Tenis-GranSlam-webapp: JDevOJSP: init
23/10/18 15:26 Tenis-GranSlam-webapp: action: init
23/10/18 15:26 Tenis-GranSlam-webapp: 9.0.3.0.0 Started
23/10/18 16:10 Started
23/10/18 16:10 Tenis-GranSlam-webapp: JDevOJSP: init
23/10/18 16:10 Tenis-GranSlam-webapp: action: init
23/10/18 16:10 Tenis-GranSlam-webapp: Error preloading servlet
javax.servlet.UnavailableException: Parsing error processing resource path /WEB-INF/struts-config.xml
	org.apache.struts.config.ApplicationConfig org.apache.struts.action.ActionServlet.initApplicationConfig(java.lang.String, java.lang.String)
		ActionServlet.java:866
	void org.apache.struts.action.ActionServlet.init()
		ActionServlet.java:455
	void javax.servlet.GenericServlet.init(javax.servlet.ServletConfig)
		GenericServlet.java:258
	com.evermind.server.http.ServletInstanceInfo com.evermind.server.http.HttpApplication.loadServlet(com.evermind.util.ByteString)
		HttpApplication.java:1956
	com.evermind.server.http.ServletInstanceInfo com.evermind.server.http.HttpApplication.findServlet(com.evermind.util.ByteString)
		HttpApplication.java:4355
	void com.evermind.server.http.HttpApplication.initPreloadServlets()
		HttpApplication.java:4455
	void com.evermind.server.http.HttpApplication.initDynamic(com.evermind.server.http.HttpApplicationConfig)
		HttpApplication.java:662
	void com.evermind.server.http.HttpApplication.<init>(com.evermind.server.Application, com.evermind.server.http.HttpSite, com.evermind.server.http.HttpApplicationConfig, java.lang.String, java.lang.String, boolean)
		HttpApplication.java:435
	com.evermind.server.http.HttpApplication com.evermind.server.Application.getHttpApplication(java.lang.String, java.lang.String, boolean, long, com.evermind.server.http.HttpSite, boolean)
		Application.java:695
	com.evermind.server.http.HttpApplication com.evermind.server.http.HttpServer.getHttpApplication(com.evermind.server.http.HttpApplicationReference, com.evermind.server.http.HttpSite)
		HttpServer.java:676
	com.evermind.server.http.HttpApplication com.evermind.server.http.HttpSite.getApplication(com.evermind.util.ByteString)
		HttpSite.java:388
	boolean com.evermind.server.http.HttpRequestHandler.processRequest(com.evermind.server.ApplicationServerThread, com.evermind.server.http.EvermindHttpServletRequest, com.evermind.server.http.EvermindHttpServletResponse, java.io.InputStream, java.io.OutputStream, boolean)
		HttpRequestHandler.java:407
	void com.evermind.server.http.HttpRequestHandler.run(java.lang.Thread)
		HttpRequestHandler.java:259
	void com.evermind.server.http.HttpRequestHandler.run()
		HttpRequestHandler.java:106
	void EDU.oswego.cs.dl.util.concurrent.PooledExecutor$Worker.run()
		PooledExecutor.java:803
	void java.lang.Thread.run()
		Thread.java:484
23/10/18 16:10 Tenis-GranSlam-webapp: 9.0.3.0.0 Started
23/10/18 16:10 Tenis-GranSlam-webapp: Servlet error
javax.servlet.jsp.JspException: Cannot find ActionMappings or ActionFormBeans collection
	void org.apache.struts.taglib.html.FormTag.lookup()
		FormTag.java:858
	int org.apache.struts.taglib.html.FormTag.doStartTag()
		FormTag.java:543
	void _Inicial._jspService(javax.servlet.http.HttpServletRequest, javax.servlet.http.HttpServletResponse)
		Inicial.jsp:15
	void oracle.jsp.runtime.HttpJsp.service(javax.servlet.ServletRequest, javax.servlet.ServletResponse)
		HttpJsp.java:139
	void oracle.jsp.runtimev2.JspPageTable.service(javax.servlet.http.HttpServletRequest, javax.servlet.http.HttpServletResponse, java.lang.String)
		JspPageTable.java:317
	void oracle.jsp.runtimev2.JspServlet.internalService(javax.servlet.http.HttpServletRequest, javax.servlet.http.HttpServletResponse)
		JspServlet.java:465
	void oracle.jsp.runtimev2.JspServlet.service(javax.servlet.http.HttpServletRequest, javax.servlet.http.HttpServletResponse)
		JspServlet.java:379
	void javax.servlet.http.HttpServlet.service(javax.servlet.ServletRequest, javax.servlet.ServletResponse)
		HttpServlet.java:853
	void com.evermind[Oracle9iAS (9.0.3.0.0) Containers for J2EE].server.http.ServletRequestDispatcher.invoke(javax.servlet.ServletRequest, javax.servlet.ServletResponse)
		ServletRequestDispatcher.java:721
	void com.evermind[Oracle9iAS (9.0.3.0.0) Containers for J2EE].server.http.ServletRequestDispatcher.forwardInternal(javax.servlet.ServletRequest, javax.servlet.http.HttpServletResponse)
		ServletRequestDispatcher.java:306
	boolean com.evermind[Oracle9iAS (9.0.3.0.0) Containers for J2EE].server.http.HttpRequestHandler.processRequest(com.evermind[Oracle9iAS (9.0.3.0.0) Containers for J2EE].server.ApplicationServerThread, com.evermind[Oracle9iAS (9.0.3.0.0) Containers for J2EE].server.http.EvermindHttpServletRequest, com.evermind[Oracle9iAS (9.0.3.0.0) Containers for J2EE].server.http.EvermindHttpServletResponse, java.io.InputStream, java.io.OutputStream, boolean)
		HttpRequestHandler.java:767
	void com.evermind[Oracle9iAS (9.0.3.0.0) Containers for J2EE].server.http.HttpRequestHandler.run(java.lang.Thread)
		HttpRequestHandler.java:259
	void com.evermind[Oracle9iAS (9.0.3.0.0) Containers for J2EE].server.http.HttpRequestHandler.run()
		HttpRequestHandler.java:106
	void EDU.oswego.cs.dl.util.concurrent.PooledExecutor$Worker.run()
		PooledExecutor.java:803
	void java.lang.Thread.run()
		Thread.java:484
23/10/18 16:11 Started
23/10/18 16:11 Tenis-GranSlam-webapp: JDevOJSP: init
23/10/18 16:11 Tenis-GranSlam-webapp: action: init
23/10/18 16:11 Tenis-GranSlam-webapp: Error preloading servlet
javax.servlet.UnavailableException: Parsing error processing resource path /WEB-INF/struts-config.xml
	org.apache.struts.config.ApplicationConfig org.apache.struts.action.ActionServlet.initApplicationConfig(java.lang.String, java.lang.String)
		ActionServlet.java:866
	void org.apache.struts.action.ActionServlet.init()
		ActionServlet.java:455
	void javax.servlet.GenericServlet.init(javax.servlet.ServletConfig)
		GenericServlet.java:258
	com.evermind.server.http.ServletInstanceInfo com.evermind.server.http.HttpApplication.loadServlet(com.evermind.util.ByteString)
		HttpApplication.java:1956
	com.evermind.server.http.ServletInstanceInfo com.evermind.server.http.HttpApplication.findServlet(com.evermind.util.ByteString)
		HttpApplication.java:4355
	void com.evermind.server.http.HttpApplication.initPreloadServlets()
		HttpApplication.java:4455
	void com.evermind.server.http.HttpApplication.initDynamic(com.evermind.server.http.HttpApplicationConfig)
		HttpApplication.java:662
	void com.evermind.server.http.HttpApplication.<init>(com.evermind.server.Application, com.evermind.server.http.HttpSite, com.evermind.server.http.HttpApplicationConfig, java.lang.String, java.lang.String, boolean)
		HttpApplication.java:435
	com.evermind.server.http.HttpApplication com.evermind.server.Application.getHttpApplication(java.lang.String, java.lang.String, boolean, long, com.evermind.server.http.HttpSite, boolean)
		Application.java:695
	com.evermind.server.http.HttpApplication com.evermind.server.http.HttpServer.getHttpApplication(com.evermind.server.http.HttpApplicationReference, com.evermind.server.http.HttpSite)
		HttpServer.java:676
	com.evermind.server.http.HttpApplication com.evermind.server.http.HttpSite.getApplication(com.evermind.util.ByteString)
		HttpSite.java:388
	boolean com.evermind.server.http.HttpRequestHandler.processRequest(com.evermind.server.ApplicationServerThread, com.evermind.server.http.EvermindHttpServletRequest, com.evermind.server.http.EvermindHttpServletResponse, java.io.InputStream, java.io.OutputStream, boolean)
		HttpRequestHandler.java:407
	void com.evermind.server.http.HttpRequestHandler.run(java.lang.Thread)
		HttpRequestHandler.java:259
	void com.evermind.server.http.HttpRequestHandler.run()
		HttpRequestHandler.java:106
	void EDU.oswego.cs.dl.util.concurrent.PooledExecutor$Worker.run()
		PooledExecutor.java:803
	void java.lang.Thread.run()
		Thread.java:484
23/10/18 16:11 Tenis-GranSlam-webapp: 9.0.3.0.0 Started
23/10/18 16:11 Tenis-GranSlam-webapp: Servlet error
javax.servlet.jsp.JspException: Cannot find ActionMappings or ActionFormBeans collection
	void org.apache.struts.taglib.html.FormTag.lookup()
		FormTag.java:858
	int org.apache.struts.taglib.html.FormTag.doStartTag()
		FormTag.java:543
	void _Inicial._jspService(javax.servlet.http.HttpServletRequest, javax.servlet.http.HttpServletResponse)
		Inicial.jsp:15
	void oracle.jsp.runtime.HttpJsp.service(javax.servlet.ServletRequest, javax.servlet.ServletResponse)
		HttpJsp.java:139
	void oracle.jsp.runtimev2.JspPageTable.service(javax.servlet.http.HttpServletRequest, javax.servlet.http.HttpServletResponse, java.lang.String)
		JspPageTable.java:317
	void oracle.jsp.runtimev2.JspServlet.internalService(javax.servlet.http.HttpServletRequest, javax.servlet.http.HttpServletResponse)
		JspServlet.java:465
	void oracle.jsp.runtimev2.JspServlet.service(javax.servlet.http.HttpServletRequest, javax.servlet.http.HttpServletResponse)
		JspServlet.java:379
	void javax.servlet.http.HttpServlet.service(javax.servlet.ServletRequest, javax.servlet.ServletResponse)
		HttpServlet.java:853
	void com.evermind[Oracle9iAS (9.0.3.0.0) Containers for J2EE].server.http.ServletRequestDispatcher.invoke(javax.servlet.ServletRequest, javax.servlet.ServletResponse)
		ServletRequestDispatcher.java:721
	void com.evermind[Oracle9iAS (9.0.3.0.0) Containers for J2EE].server.http.ServletRequestDispatcher.forwardInternal(javax.servlet.ServletRequest, javax.servlet.http.HttpServletResponse)
		ServletRequestDispatcher.java:306
	boolean com.evermind[Oracle9iAS (9.0.3.0.0) Containers for J2EE].server.http.HttpRequestHandler.processRequest(com.evermind[Oracle9iAS (9.0.3.0.0) Containers for J2EE].server.ApplicationServerThread, com.evermind[Oracle9iAS (9.0.3.0.0) Containers for J2EE].server.http.EvermindHttpServletRequest, com.evermind[Oracle9iAS (9.0.3.0.0) Containers for J2EE].server.http.EvermindHttpServletResponse, java.io.InputStream, java.io.OutputStream, boolean)
		HttpRequestHandler.java:767
	void com.evermind[Oracle9iAS (9.0.3.0.0) Containers for J2EE].server.http.HttpRequestHandler.run(java.lang.Thread)
		HttpRequestHandler.java:259
	void com.evermind[Oracle9iAS (9.0.3.0.0) Containers for J2EE].server.http.HttpRequestHandler.run()
		HttpRequestHandler.java:106
	void EDU.oswego.cs.dl.util.concurrent.PooledExecutor$Worker.run()
		PooledExecutor.java:803
	void java.lang.Thread.run()
		Thread.java:484
23/10/18 16:11 Tenis-GranSlam-webapp: JspServlet: No se ha podido distribuir a la página solicitada: com.evermind.server.http.HttpIOException: Connection aborted by peer: socket write error
	void com.evermind.server.http.EvermindServletOutputStream.write(byte[], int, int, javax.servlet.jsp.JspWriter)
		EvermindServletOutputStream.java:249
	void com.evermind.server.http.EvermindServletOutputStream.write(byte[], int, int)
		EvermindServletOutputStream.java:150
	void com.evermind.server.http.EvermindServletOutputStream.write(byte[])
		EvermindServletOutputStream.java:145
	void com.evermind.server.http.EvermindHttpServletResponse.sendError(int, java.lang.String)
		EvermindHttpServletResponse.java:1349
	void com.evermind.server.http.EvermindHttpServletResponse.handleException(java.lang.Throwable, com.evermind.server.http.EvermindHttpServletRequest)
		EvermindHttpServletResponse.java:1708
	void com.evermind.server.http.EvermindPageContext.handlePageThrowable(java.lang.Throwable)
		EvermindPageContext.java:560
	void com.evermind.server.http.EvermindPageContext.handlePageException(java.lang.Throwable)
		EvermindPageContext.java:518
	void _Inicial._jspService(javax.servlet.http.HttpServletRequest, javax.servlet.http.HttpServletResponse)
		Inicial.jsp:29
	void oracle.jsp.runtime.HttpJsp.service(javax.servlet.ServletRequest, javax.servlet.ServletResponse)
		HttpJsp.java:139
	void oracle.jsp.runtimev2.JspPageTable.service(javax.servlet.http.HttpServletRequest, javax.servlet.http.HttpServletResponse, java.lang.String)
		JspPageTable.java:317
	void oracle.jsp.runtimev2.JspServlet.internalService(javax.servlet.http.HttpServletRequest, javax.servlet.http.HttpServletResponse)
		JspServlet.java:465
	void oracle.jsp.runtimev2.JspServlet.service(javax.servlet.http.HttpServletRequest, javax.servlet.http.HttpServletResponse)
		JspServlet.java:379
	void javax.servlet.http.HttpServlet.service(javax.servlet.ServletRequest, javax.servlet.ServletResponse)
		HttpServlet.java:853
	void com.evermind.server.http.ServletRequestDispatcher.invoke(javax.servlet.ServletRequest, javax.servlet.ServletResponse)
		ServletRequestDispatcher.java:721
	void com.evermind.server.http.ServletRequestDispatcher.forwardInternal(javax.servlet.ServletRequest, javax.servlet.http.HttpServletResponse)
		ServletRequestDispatcher.java:306
	boolean com.evermind.server.http.HttpRequestHandler.processRequest(com.evermind.server.ApplicationServerThread, com.evermind.server.http.EvermindHttpServletRequest, com.evermind.server.http.EvermindHttpServletResponse, java.io.InputStream, java.io.OutputStream, boolean)
		HttpRequestHandler.java:767
	void com.evermind.server.http.HttpRequestHandler.run(java.lang.Thread)
		HttpRequestHandler.java:259
	void com.evermind.server.http.HttpRequestHandler.run()
		HttpRequestHandler.java:106
	void EDU.oswego.cs.dl.util.concurrent.PooledExecutor$Worker.run()
		PooledExecutor.java:803
	void java.lang.Thread.run()
		Thread.java:484

23/10/18 16:11 Tenis-GranSlam-webapp: OracleJSP:
<HTML><BODY>
<P> <H2  ALIGN=CENTER>Error JSP:</H2> <HR  ALIGN=CENTER> <P>
<P><H3>URI de Solicitud:/Tenis-GranSlam-context-root/Inicial.jsp</H3><P>
<BR><H3>Excepción:</H3><PRE>
com.evermind.server.http.HttpIOException: Connection aborted by peer: socket write error
	void com.evermind.server.http.EvermindServletOutputStream.write(byte[], int, int, javax.servlet.jsp.JspWriter)
		EvermindServletOutputStream.java:249
	void com.evermind.server.http.EvermindServletOutputStream.write(byte[], int, int)
		EvermindServletOutputStream.java:150
	void com.evermind.server.http.EvermindServletOutputStream.write(byte[])
		EvermindServletOutputStream.java:145
	void com.evermind.server.http.EvermindHttpServletResponse.sendError(int, java.lang.String)
		EvermindHttpServletResponse.java:1349
	void com.evermind.server.http.EvermindHttpServletResponse.handleException(java.lang.Throwable, com.evermind.server.http.EvermindHttpServletRequest)
		EvermindHttpServletResponse.java:1708
	void com.evermind.server.http.EvermindPageContext.handlePageThrowable(java.lang.Throwable)
		EvermindPageContext.java:560
	void com.evermind.server.http.EvermindPageContext.handlePageException(java.lang.Throwable)
		EvermindPageContext.java:518
	void _Inicial._jspService(javax.servlet.http.HttpServletRequest, javax.servlet.http.HttpServletResponse)
	[/Inicial.jsp]
		Inicial.jsp:29
	void oracle.jsp.runtime.HttpJsp.service(javax.servlet.ServletRequest, javax.servlet.ServletResponse)
		HttpJsp.java:139
	void oracle.jsp.runtimev2.JspPageTable.service(javax.servlet.http.HttpServletRequest, javax.servlet.http.HttpServletResponse, java.lang.String)
		JspPageTable.java:317
	void oracle.jsp.runtimev2.JspServlet.internalService(javax.servlet.http.HttpServletRequest, javax.servlet.http.HttpServletResponse)
		JspServlet.java:465
	void oracle.jsp.runtimev2.JspServlet.service(javax.servlet.http.HttpServletRequest, javax.servlet.http.HttpServletResponse)
		JspServlet.java:379
	void javax.servlet.http.HttpServlet.service(javax.servlet.ServletRequest, javax.servlet.ServletResponse)
		HttpServlet.java:853
	void com.evermind.server.http.ServletRequestDispatcher.invoke(javax.servlet.ServletRequest, javax.servlet.ServletResponse)
		ServletRequestDispatcher.java:721
	void com.evermind.server.http.ServletRequestDispatcher.forwardInternal(javax.servlet.ServletRequest, javax.servlet.http.HttpServletResponse)
		ServletRequestDispatcher.java:306
	boolean com.evermind.server.http.HttpRequestHandler.processRequest(com.evermind.server.ApplicationServerThread, com.evermind.server.http.EvermindHttpServletRequest, com.evermind.server.http.EvermindHttpServletResponse, java.io.InputStream, java.io.OutputStream, boolean)
		HttpRequestHandler.java:767
	void com.evermind.server.http.HttpRequestHandler.run(java.lang.Thread)
		HttpRequestHandler.java:259
	void com.evermind.server.http.HttpRequestHandler.run()
		HttpRequestHandler.java:106
	void EDU.oswego.cs.dl.util.concurrent.PooledExecutor$Worker.run()
		PooledExecutor.java:803
	void java.lang.Thread.run()
		Thread.java:484

</PRE>
<P><P><HR ALIGN=CENTER>
</HTML></BODY>

23/10/18 16:11 Tenis-GranSlam-webapp: Servlet error
javax.servlet.jsp.JspException: Cannot find ActionMappings or ActionFormBeans collection
	void org.apache.struts.taglib.html.FormTag.lookup()
		FormTag.java:858
	int org.apache.struts.taglib.html.FormTag.doStartTag()
		FormTag.java:543
	void _Inicial._jspService(javax.servlet.http.HttpServletRequest, javax.servlet.http.HttpServletResponse)
		Inicial.jsp:15
	void oracle.jsp.runtime.HttpJsp.service(javax.servlet.ServletRequest, javax.servlet.ServletResponse)
		HttpJsp.java:139
	void oracle.jsp.runtimev2.JspPageTable.service(javax.servlet.http.HttpServletRequest, javax.servlet.http.HttpServletResponse, java.lang.String)
		JspPageTable.java:317
	void oracle.jsp.runtimev2.JspServlet.internalService(javax.servlet.http.HttpServletRequest, javax.servlet.http.HttpServletResponse)
		JspServlet.java:465
	void oracle.jsp.runtimev2.JspServlet.service(javax.servlet.http.HttpServletRequest, javax.servlet.http.HttpServletResponse)
		JspServlet.java:379
	void javax.servlet.http.HttpServlet.service(javax.servlet.ServletRequest, javax.servlet.ServletResponse)
		HttpServlet.java:853
	void com.evermind[Oracle9iAS (9.0.3.0.0) Containers for J2EE].server.http.ServletRequestDispatcher.invoke(javax.servlet.ServletRequest, javax.servlet.ServletResponse)
		ServletRequestDispatcher.java:721
	void com.evermind[Oracle9iAS (9.0.3.0.0) Containers for J2EE].server.http.ServletRequestDispatcher.forwardInternal(javax.servlet.ServletRequest, javax.servlet.http.HttpServletResponse)
		ServletRequestDispatcher.java:306
	boolean com.evermind[Oracle9iAS (9.0.3.0.0) Containers for J2EE].server.http.HttpRequestHandler.processRequest(com.evermind[Oracle9iAS (9.0.3.0.0) Containers for J2EE].server.ApplicationServerThread, com.evermind[Oracle9iAS (9.0.3.0.0) Containers for J2EE].server.http.EvermindHttpServletRequest, com.evermind[Oracle9iAS (9.0.3.0.0) Containers for J2EE].server.http.EvermindHttpServletResponse, java.io.InputStream, java.io.OutputStream, boolean)
		HttpRequestHandler.java:767
	void com.evermind[Oracle9iAS (9.0.3.0.0) Containers for J2EE].server.http.HttpRequestHandler.run(java.lang.Thread)
		HttpRequestHandler.java:259
	void com.evermind[Oracle9iAS (9.0.3.0.0) Containers for J2EE].server.http.HttpRequestHandler.run()
		HttpRequestHandler.java:106
	void EDU.oswego.cs.dl.util.concurrent.PooledExecutor$Worker.run()
		PooledExecutor.java:797
	void java.lang.Thread.run()
		Thread.java:484
23/10/18 16:13 Tenis-GranSlam-webapp: Servlet error
javax.servlet.jsp.JspException: Cannot find ActionMappings or ActionFormBeans collection
	void org.apache.struts.taglib.html.FormTag.lookup()
		FormTag.java:858
	int org.apache.struts.taglib.html.FormTag.doStartTag()
		FormTag.java:543
	void _Inicial._jspService(javax.servlet.http.HttpServletRequest, javax.servlet.http.HttpServletResponse)
		Inicial.jsp:15
	void oracle.jsp.runtime.HttpJsp.service(javax.servlet.ServletRequest, javax.servlet.ServletResponse)
		HttpJsp.java:139
	void oracle.jsp.runtimev2.JspPageTable.service(javax.servlet.http.HttpServletRequest, javax.servlet.http.HttpServletResponse, java.lang.String)
		JspPageTable.java:317
	void oracle.jsp.runtimev2.JspServlet.internalService(javax.servlet.http.HttpServletRequest, javax.servlet.http.HttpServletResponse)
		JspServlet.java:465
	void oracle.jsp.runtimev2.JspServlet.service(javax.servlet.http.HttpServletRequest, javax.servlet.http.HttpServletResponse)
		JspServlet.java:379
	void javax.servlet.http.HttpServlet.service(javax.servlet.ServletRequest, javax.servlet.ServletResponse)
		HttpServlet.java:853
	void com.evermind[Oracle9iAS (9.0.3.0.0) Containers for J2EE].server.http.ServletRequestDispatcher.invoke(javax.servlet.ServletRequest, javax.servlet.ServletResponse)
		ServletRequestDispatcher.java:721
	void com.evermind[Oracle9iAS (9.0.3.0.0) Containers for J2EE].server.http.ServletRequestDispatcher.forwardInternal(javax.servlet.ServletRequest, javax.servlet.http.HttpServletResponse)
		ServletRequestDispatcher.java:306
	boolean com.evermind[Oracle9iAS (9.0.3.0.0) Containers for J2EE].server.http.HttpRequestHandler.processRequest(com.evermind[Oracle9iAS (9.0.3.0.0) Containers for J2EE].server.ApplicationServerThread, com.evermind[Oracle9iAS (9.0.3.0.0) Containers for J2EE].server.http.EvermindHttpServletRequest, com.evermind[Oracle9iAS (9.0.3.0.0) Containers for J2EE].server.http.EvermindHttpServletResponse, java.io.InputStream, java.io.OutputStream, boolean)
		HttpRequestHandler.java:767
	void com.evermind[Oracle9iAS (9.0.3.0.0) Containers for J2EE].server.http.HttpRequestHandler.run(java.lang.Thread)
		HttpRequestHandler.java:259
	void com.evermind[Oracle9iAS (9.0.3.0.0) Containers for J2EE].server.http.HttpRequestHandler.run()
		HttpRequestHandler.java:106
	void EDU.oswego.cs.dl.util.concurrent.PooledExecutor$Worker.run()
		PooledExecutor.java:803
	void java.lang.Thread.run()
		Thread.java:484
23/10/18 16:13 Started
23/10/18 16:13 Started
23/10/18 16:13 Tenis-GranSlam-webapp: JDevOJSP: init
23/10/18 16:13 Tenis-GranSlam-webapp: action: init
23/10/18 16:13 Tenis-GranSlam-webapp: 9.0.3.0.0 Started
23/10/18 16:19 Started
23/10/18 16:19 Tenis-GranSlam-webapp: JDevOJSP: init
23/10/18 16:20 Tenis-GranSlam-webapp: action: init
23/10/18 16:20 Tenis-GranSlam-webapp: 9.0.3.0.0 Started
23/10/18 16:25 Started
23/10/18 16:25 Tenis-GranSlam-webapp: JDevOJSP: init
23/10/18 16:25 Tenis-GranSlam-webapp: action: init
23/10/18 16:25 Tenis-GranSlam-webapp: 9.0.3.0.0 Started
23/10/18 16:26 Started
23/10/18 16:26 Tenis-GranSlam-webapp: JDevOJSP: init
23/10/18 16:26 Tenis-GranSlam-webapp: action: init
23/10/18 16:26 Tenis-GranSlam-webapp: 9.0.3.0.0 Started
23/10/18 16:30 Tenis-GranSlam-webapp: JDevOJSP: init
23/10/18 16:30 Tenis-GranSlam-webapp: action: init
23/10/18 16:30 Tenis-GranSlam-webapp: 9.0.3.0.0 Started
23/10/18 16:30 Started
23/10/18 16:30 Tenis-GranSlam-webapp: JDevOJSP: init
23/10/18 16:30 Tenis-GranSlam-webapp: action: init
23/10/18 16:30 Tenis-GranSlam-webapp: 9.0.3.0.0 Started
23/10/18 16:33 Tenis-GranSlam-webapp: JDevOJSP: init
23/10/18 16:33 Tenis-GranSlam-webapp: action: init
23/10/18 16:33 Tenis-GranSlam-webapp: 9.0.3.0.0 Started
23/10/18 16:33 Started
23/10/18 16:33 Tenis-GranSlam-webapp: JDevOJSP: init
23/10/18 16:33 Tenis-GranSlam-webapp: action: init
23/10/18 16:33 Tenis-GranSlam-webapp: 9.0.3.0.0 Started
